# This is the CMakeCache file.
# For build in directory: /Users/anderhaf/repos/atomify/atomify-main/cpp/build_emscripten
# It was generated by CMake: /Applications/CMake.app/Contents/bin/cmake
# You can edit this file to change values found and used by cmake.
# If you do not want to change any of the values, simply exit the editor.
# If you do want to change a value, simply edit, save, and exit the editor.
# The syntax for the file is as follows:
# KEY:TYPE=VALUE
# KEY is the name of a variable in the cache.
# TYPE is a hint to GUIs for the type of VALUE, DO NOT EDIT TYPE!.
# VALUE is the current value for the KEY.

########################
# EXTERNAL cache entries
########################

//Build LAMMPS HTML documentation
BUILD_DOC:BOOL=OFF

//Build and install the LAMMPS GUI
BUILD_LAMMPS_GUI:BOOL=OFF

//Build MPI version
BUILD_MPI:BOOL=OFF

//Build with OpenMP support
BUILD_OMP:BOOL=OFF

//Build shared libraries
BUILD_SHARED_LIBS:BOOL=OFF

//Build the testing tree.
BUILD_TESTING:BOOL=ON

//Build and install LAMMPS tools (msi2lmp, binary2txt, chain)
BUILD_TOOLS:BOOL=OFF

//Path to a program.
CMAKE_ADDR2LINE:FILEPATH=/opt/homebrew/opt/llvm/bin/llvm-addr2line

//Choose the type of build, options are: None Debug Release RelWithDebInfo
// MinSizeRel ...
CMAKE_BUILD_TYPE:STRING=Release

//Enable/Disable color output during build.
CMAKE_COLOR_MAKEFILE:BOOL=ON

//No help, variable specified on the command line.
CMAKE_CROSSCOMPILING_EMULATOR:UNINITIALIZED=/Users/anderhaf/repos/emsdk/node/22.16.0_64bit/bin/node

//Use compiler extensions
CMAKE_CXX_EXTENSIONS:BOOL=OFF

//Flags used by the CXX compiler during all build types.
CMAKE_CXX_FLAGS:STRING=-Oz -DNDEBUG -flto -DLAMMPS_EXCEPTIONS -s NO_DISABLE_EXCEPTION_CATCHING=1 -DCOLVARS_LAMMPS

//Flags used by the CXX compiler during DEBUG builds.
CMAKE_CXX_FLAGS_DEBUG:STRING=-g

//Flags used by the CXX compiler during MINSIZEREL builds.
CMAKE_CXX_FLAGS_MINSIZEREL:STRING=-Os -DNDEBUG

//Flags used by the CXX compiler during RELEASE builds.
CMAKE_CXX_FLAGS_RELEASE:STRING=-O3 -DNDEBUG

//Flags used by the CXX compiler during RELWITHDEBINFO builds.
CMAKE_CXX_FLAGS_RELWITHDEBINFO:STRING=-O2 -g -DNDEBUG

//No help, variable specified on the command line.
CMAKE_CXX_STANDARD:UNINITIALIZED=17

//No help, variable specified on the command line.
CMAKE_CXX_STANDARD_REQUIRED:UNINITIALIZED=ON

//`clang-scan-deps` dependency scanner
CMAKE_C_COMPILER_CLANG_SCAN_DEPS:FILEPATH=/opt/homebrew/opt/llvm/bin/clang-scan-deps

//Flags used by the C compiler during all build types.
CMAKE_C_FLAGS:STRING=-Oz -DNDEBUG -flto -DLAMMPS_EXCEPTIONS -s NO_DISABLE_EXCEPTION_CATCHING=1 -DCOLVARS_LAMMPS

//Flags used by the C compiler during DEBUG builds.
CMAKE_C_FLAGS_DEBUG:STRING=-g

//Flags used by the C compiler during MINSIZEREL builds.
CMAKE_C_FLAGS_MINSIZEREL:STRING=-Os -DNDEBUG

//Flags used by the C compiler during RELEASE builds.
CMAKE_C_FLAGS_RELEASE:STRING=-O3 -DNDEBUG

//Flags used by the C compiler during RELWITHDEBINFO builds.
CMAKE_C_FLAGS_RELWITHDEBINFO:STRING=-O2 -g -DNDEBUG

//Path to a program.
CMAKE_DLLTOOL:FILEPATH=/opt/homebrew/opt/llvm/bin/llvm-dlltool

//Flags used by the linker during all build types.
CMAKE_EXE_LINKER_FLAGS:STRING=

//Flags used by the linker during DEBUG builds.
CMAKE_EXE_LINKER_FLAGS_DEBUG:STRING=

//Flags used by the linker during MINSIZEREL builds.
CMAKE_EXE_LINKER_FLAGS_MINSIZEREL:STRING=

//Flags used by the linker during RELEASE builds.
CMAKE_EXE_LINKER_FLAGS_RELEASE:STRING=

//Flags used by the linker during RELWITHDEBINFO builds.
CMAKE_EXE_LINKER_FLAGS_RELWITHDEBINFO:STRING=

//Enable/Disable output of compile commands during generation.
CMAKE_EXPORT_COMPILE_COMMANDS:BOOL=

//Value Computed by CMake.
CMAKE_FIND_PACKAGE_REDIRECTS_DIR:STATIC=/Users/anderhaf/repos/atomify/atomify-main/cpp/build_emscripten/CMakeFiles/pkgRedirects

//User executables (bin)
CMAKE_INSTALL_BINDIR:PATH=bin

//Read-only architecture-independent data (DATAROOTDIR)
CMAKE_INSTALL_DATADIR:PATH=

//Read-only architecture-independent data root (share)
CMAKE_INSTALL_DATAROOTDIR:PATH=share

//Documentation root (DATAROOTDIR/doc/PROJECT_NAME)
CMAKE_INSTALL_DOCDIR:PATH=

//C header files (include)
CMAKE_INSTALL_INCLUDEDIR:PATH=include

//Info documentation (DATAROOTDIR/info)
CMAKE_INSTALL_INFODIR:PATH=

//Object code libraries (lib)
CMAKE_INSTALL_LIBDIR:PATH=lib

//Program executables (libexec)
CMAKE_INSTALL_LIBEXECDIR:PATH=libexec

//Locale-dependent data (DATAROOTDIR/locale)
CMAKE_INSTALL_LOCALEDIR:PATH=

//Modifiable single-machine data (var)
CMAKE_INSTALL_LOCALSTATEDIR:PATH=var

//Man documentation (DATAROOTDIR/man)
CMAKE_INSTALL_MANDIR:PATH=

//C header files for non-gcc (/usr/include)
CMAKE_INSTALL_OLDINCLUDEDIR:PATH=/usr/include

//Default install path
CMAKE_INSTALL_PREFIX:PATH=/Users/anderhaf/.local

//Run-time variable data (LOCALSTATEDIR/run)
CMAKE_INSTALL_RUNSTATEDIR:PATH=

//System admin executables (sbin)
CMAKE_INSTALL_SBINDIR:PATH=sbin

//Modifiable architecture-independent data (com)
CMAKE_INSTALL_SHAREDSTATEDIR:PATH=com

//Read-only single-machine data (etc)
CMAKE_INSTALL_SYSCONFDIR:PATH=etc

//Path to a program.
CMAKE_LINKER:FILEPATH=/usr/bin/ld

//Path to a program.
CMAKE_MAKE_PROGRAM:FILEPATH=/usr/bin/make

//Flags used by the linker during the creation of modules during
// all build types.
CMAKE_MODULE_LINKER_FLAGS:STRING=

//Flags used by the linker during the creation of modules during
// DEBUG builds.
CMAKE_MODULE_LINKER_FLAGS_DEBUG:STRING=

//Flags used by the linker during the creation of modules during
// MINSIZEREL builds.
CMAKE_MODULE_LINKER_FLAGS_MINSIZEREL:STRING=

//Flags used by the linker during the creation of modules during
// RELEASE builds.
CMAKE_MODULE_LINKER_FLAGS_RELEASE:STRING=

//Flags used by the linker during the creation of modules during
// RELWITHDEBINFO builds.
CMAKE_MODULE_LINKER_FLAGS_RELWITHDEBINFO:STRING=

//Path to a program.
CMAKE_OBJCOPY:FILEPATH=/opt/homebrew/opt/llvm/bin/llvm-objcopy

//Path to a program.
CMAKE_OBJDUMP:FILEPATH=/opt/homebrew/opt/llvm/bin/llvm-objdump

//Create object compatible with shared libraries
CMAKE_POSITION_INDEPENDENT_CODE:BOOL=ON

//Value Computed by CMake
CMAKE_PROJECT_DESCRIPTION:STATIC=The LAMMPS Molecular Dynamics Simulator

//Value Computed by CMake
CMAKE_PROJECT_HOMEPAGE_URL:STATIC=https://www.lammps.org

//Value Computed by CMake
CMAKE_PROJECT_NAME:STATIC=lammps

//Path to a program.
CMAKE_READELF:FILEPATH=/opt/homebrew/opt/llvm/bin/llvm-readelf

//Flags used by the linker during the creation of shared libraries
// during all build types.
CMAKE_SHARED_LINKER_FLAGS:STRING=

//Flags used by the linker during the creation of shared libraries
// during DEBUG builds.
CMAKE_SHARED_LINKER_FLAGS_DEBUG:STRING=

//Flags used by the linker during the creation of shared libraries
// during MINSIZEREL builds.
CMAKE_SHARED_LINKER_FLAGS_MINSIZEREL:STRING=

//Flags used by the linker during the creation of shared libraries
// during RELEASE builds.
CMAKE_SHARED_LINKER_FLAGS_RELEASE:STRING=

//Flags used by the linker during the creation of shared libraries
// during RELWITHDEBINFO builds.
CMAKE_SHARED_LINKER_FLAGS_RELWITHDEBINFO:STRING=

//If set, runtime paths are not added when installing shared libraries,
// but are added when building.
CMAKE_SKIP_INSTALL_RPATH:BOOL=NO

//If set, runtime paths are not added when using shared libraries.
CMAKE_SKIP_RPATH:BOOL=NO

//Flags used by the linker during the creation of static libraries
// during all build types.
CMAKE_STATIC_LINKER_FLAGS:STRING=

//Flags used by the linker during the creation of static libraries
// during DEBUG builds.
CMAKE_STATIC_LINKER_FLAGS_DEBUG:STRING=

//Flags used by the linker during the creation of static libraries
// during MINSIZEREL builds.
CMAKE_STATIC_LINKER_FLAGS_MINSIZEREL:STRING=

//Flags used by the linker during the creation of static libraries
// during RELEASE builds.
CMAKE_STATIC_LINKER_FLAGS_RELEASE:STRING=

//Flags used by the linker during the creation of static libraries
// during RELWITHDEBINFO builds.
CMAKE_STATIC_LINKER_FLAGS_RELWITHDEBINFO:STRING=

//Path to a program.
CMAKE_STRIP:FILEPATH=/opt/homebrew/opt/llvm/bin/llvm-strip

//Path to a program.
CMAKE_TAPI:FILEPATH=CMAKE_TAPI-NOTFOUND

//No help, variable specified on the command line.
CMAKE_TOOLCHAIN_FILE:UNINITIALIZED=/Users/anderhaf/repos/emsdk/upstream/emscripten/cmake/Modules/Platform/Emscripten.cmake

//Generate verbose Makefiles
CMAKE_VERBOSE_MAKEFILE:BOOL=FALSE

//Enable debugging messages for Colvars (quite verbose)
COLVARS_DEBUG:BOOL=OFF

//Use the Lepton library for custom expressions
COLVARS_LEPTON:BOOL=ON

//Path to the coverage program that CTest uses for performing coverage
// inspection
COVERAGE_COMMAND:FILEPATH=/usr/bin/gcov

//Extra command line flags to pass to the coverage tool
COVERAGE_EXTRA_FLAGS:STRING=-l

//How many times to retry timed-out CTest submissions.
CTEST_SUBMIT_RETRY_COUNT:STRING=3

//How long to wait between timed-out CTest submissions.
CTEST_SUBMIT_RETRY_DELAY:STRING=5

//clang-format executable
ClangFormat_EXECUTABLE:FILEPATH=/opt/homebrew/opt/llvm/bin/clang-format

//Maximum time allowed before CTest will kill the test.
DART_TESTING_TIMEOUT:STRING=1500

//Download the KOKKOS library instead of using the bundled one
DOWNLOAD_KOKKOS:BOOL=OFF

//Automatically download large potential files
DOWNLOAD_POTENTIALS:BOOL=ON

//Download and compile the Voro++ library instead of using an already
// installed one
DOWNLOAD_VORO:BOOL=ON

//Force C/C++ compiler
EMSCRIPTEN_FORCE_COMPILERS:BOOL=ON

//If set, static library targets generate LLVM bitcode files (.bc).
// If disabled (default), UNIX ar archives (.a) are generated.
EMSCRIPTEN_GENERATE_BITCODE_STATIC_LIBRARIES:BOOL=OFF

//Add 'iwyu' build target to call the include-what-you-use tool
ENABLE_IWYU:BOOL=OFF

//Select a code sanitizer option (none (default), address, hwaddress,
// leak, thread, undefined)
ENABLE_SANITIZER:STRING=none

//Enable testing
ENABLE_TESTING:BOOL=OFF

//Build against external kokkos library
EXTERNAL_KOKKOS:BOOL=OFF

//Path to a program.
FFMPEG_EXECUTABLE:FILEPATH=/opt/homebrew/bin/ffmpeg

//FFT library for KSPACE package
FFT:STRING=KISS

//Path to a file.
FFTW3_INCLUDE_DIR:PATH=FFTW3_INCLUDE_DIR-NOTFOUND

//Path to a library.
FFTW3_LIBRARY:FILEPATH=FFTW3_LIBRARY-NOTFOUND

//Path to a library.
FFTW3_OMP_LIBRARY:FILEPATH=FFTW3_OMP_LIBRARY-NOTFOUND

//FFT library for Kokkos-enabled KSPACE package
FFT_KOKKOS:STRING=KISS

//Optimization for FFT
FFT_PACK:STRING=array

//Use single precision FFTs instead of double precision FFTs
FFT_SINGLE:BOOL=OFF

//Use heFFTe as the distributed FFT engine, overrides the FFT option.
FFT_USE_HEFFTE:BOOL=OFF

//Git command line client
GIT_EXECUTABLE:FILEPATH=/usr/bin/git

//Path to a program.
GZIP_EXECUTABLE:FILEPATH=/usr/bin/gzip

//Path to a program.
HAVE_PATCH:FILEPATH=/usr/bin/patch

//Path to a file.
JPEG_INCLUDE_DIR:PATH=JPEG_INCLUDE_DIR-NOTFOUND

//Path to a library.
JPEG_LIBRARY_DEBUG:FILEPATH=JPEG_LIBRARY_DEBUG-NOTFOUND

//Path to a library.
JPEG_LIBRARY_RELEASE:FILEPATH=JPEG_LIBRARY_RELEASE-NOTFOUND

//Optimize for ARMv8.2 with SVE Support (HOST)
Kokkos_ARCH_A64FX:BOOL=OFF

//Optimize for AMD chip (HOST)
Kokkos_ARCH_AMDAVX:BOOL=OFF

//Optimize for ARMv8.0 Compatible CPU (HOST)
Kokkos_ARCH_ARMV80:BOOL=OFF

//Optimize for ARMv8.1 Compatible CPU (HOST)
Kokkos_ARCH_ARMV81:BOOL=OFF

//Optimize for ARMv8 Cavium ThunderX CPU (HOST)
Kokkos_ARCH_ARMV8_THUNDERX:BOOL=OFF

//Optimize for ARMv8 Cavium ThunderX2 CPU (HOST)
Kokkos_ARCH_ARMV8_THUNDERX2:BOOL=OFF

//Optimize for ARMv9 NVIDIA Grace CPU (HOST)
Kokkos_ARCH_ARMV9_GRACE:BOOL=OFF

//Optimize for Intel Broadwell Xeon E-class CPUs (HOST)
Kokkos_ARCH_BDW:BOOL=OFF

//Optimize for Intel Haswell CPUs (HOST)
Kokkos_ARCH_HSW:BOOL=OFF

//Optimize for Intel Ice Lake Client CPUs (AVX512) (HOST)
Kokkos_ARCH_ICL:BOOL=OFF

//Optimize for Intel Ice Lake Xeon Server CPUs (AVX512) (HOST)
Kokkos_ARCH_ICX:BOOL=OFF

//Optimize for Intel Knights Corner Xeon Phi (HOST)
Kokkos_ARCH_KNC:BOOL=OFF

//Optimize for Intel Knights Landing Xeon Phi (HOST)
Kokkos_ARCH_KNL:BOOL=OFF

//Optimize for local machine (HOST)
Kokkos_ARCH_NATIVE:BOOL=OFF

//Optimize for IBM POWER8 CPUs (HOST)
Kokkos_ARCH_POWER8:BOOL=OFF

//Optimize for IBM POWER9 CPUs (HOST)
Kokkos_ARCH_POWER9:BOOL=OFF

//Optimize for RVA22V (RISC-V) CPUs (HOST)
Kokkos_ARCH_RISCV_RVA22V:BOOL=OFF

//Optimize for SG2042 (RISC-V) CPUs (HOST)
Kokkos_ARCH_RISCV_SG2042:BOOL=OFF

//Optimize for Intel Skylake Client CPUs (HOST)
Kokkos_ARCH_SKL:BOOL=OFF

//Optimize for Intel Skylake Xeon Server CPUs (AVX512) (HOST)
Kokkos_ARCH_SKX:BOOL=OFF

//Optimize for Intel Sandy/Ivy Bridge CPUs (HOST)
Kokkos_ARCH_SNB:BOOL=OFF

//Optimize for Intel Sapphire Rapids Xeon Server CPUs (AVX512)
// (HOST)
Kokkos_ARCH_SPR:BOOL=OFF

//Optimize for AMD Zen architecture (HOST)
Kokkos_ARCH_ZEN:BOOL=OFF

//Optimize for AMD Zen2 architecture (HOST)
Kokkos_ARCH_ZEN2:BOOL=OFF

//Optimize for AMD Zen3 architecture (HOST)
Kokkos_ARCH_ZEN3:BOOL=OFF

//Optimize for AMD Zen4 architecture (HOST)
Kokkos_ARCH_ZEN4:BOOL=OFF

//Value Computed by CMake
Kokkos_BINARY_DIR:STATIC=/Users/anderhaf/repos/atomify/atomify-main/cpp/build_emscripten/lib/kokkos

//Location of CUDA library
Kokkos_CUDA_DIR:PATH=

//[[DEPRECATED - USE CMAKE_CXX_STANDARD INSTEAD]] The C++ standard
// for Kokkos to use: 17 or 20. If empty, this will default to
// CMAKE_CXX_STANDARD. If both CMAKE_CXX_STANDARD and Kokkos_CXX_STANDARD
// are empty, this will default to 17
Kokkos_CXX_STANDARD:STRING=

//Whether to aggressively vectorize loops
Kokkos_ENABLE_AGGRESSIVE_VECTORIZATION:BOOL=OFF

//**NOT RECOMMENDED** Whether to make atomics non-atomic for non-threaded
// MPI-only use cases
Kokkos_ENABLE_ATOMICS_BYPASS:BOOL=OFF

//Whether to build the benchmarks
Kokkos_ENABLE_BENCHMARKS:BOOL=OFF

//Whether to print all compiler warnings
Kokkos_ENABLE_COMPILER_WARNINGS:BOOL=OFF

//Whether to use native cmake language support
Kokkos_ENABLE_COMPILE_AS_CMAKE_LANGUAGE:BOOL=OFF

//Whether to align Kokkos::complex to 2*alignof(RealType)
Kokkos_ENABLE_COMPLEX_ALIGN:BOOL=ON

//Whether to build CUDA backend
Kokkos_ENABLE_CUDA:BOOL=OFF

//Whether to activate experimental relaxed constexpr functions
Kokkos_ENABLE_CUDA_CONSTEXPR:BOOL=OFF

//Whether to allow lambda expressions on the device with NVCC **DEPRECATED**
Kokkos_ENABLE_CUDA_LAMBDA:BOOL=OFF

//Whether to use CUDA LDG intrinsics
Kokkos_ENABLE_CUDA_LDG_INTRINSIC:BOOL=OFF

//Whether to enable relocatable device code (RDC) for CUDA
Kokkos_ENABLE_CUDA_RELOCATABLE_DEVICE_CODE:BOOL=OFF

//Whether to use unified memory (UM) for CUDA by default
Kokkos_ENABLE_CUDA_UVM:BOOL=OFF

//Whether to activate extra debug features - may increase compile
// times
Kokkos_ENABLE_DEBUG:BOOL=OFF

//Whether to use bounds checking - will increase runtime
Kokkos_ENABLE_DEBUG_BOUNDS_CHECK:BOOL=OFF

//Debug check on dual views
Kokkos_ENABLE_DEBUG_DUALVIEW_MODIFY_CHECK:BOOL=OFF

//Whether code deprecated in major release 4 is available
Kokkos_ENABLE_DEPRECATED_CODE_4:BOOL=ON

//Whether to emit deprecation warnings
Kokkos_ENABLE_DEPRECATION_WARNINGS:BOOL=ON

//Whether to use an external desul installation
Kokkos_ENABLE_DESUL_ATOMICS_EXTERNAL:BOOL=OFF

//Whether to build the examples
Kokkos_ENABLE_EXAMPLES:BOOL=OFF

//Enable header self-containment unit tests
Kokkos_ENABLE_HEADER_SELF_CONTAINMENT_TESTS:BOOL=OFF

//Whether to build HIP backend
Kokkos_ENABLE_HIP:BOOL=OFF

//Whether multiple kernels are instantiated at compile time - improve
// performance but increase compile time
Kokkos_ENABLE_HIP_MULTIPLE_KERNEL_INSTANTIATIONS:BOOL=OFF

//Whether to enable relocatable device code (RDC) for HIP
Kokkos_ENABLE_HIP_RELOCATABLE_DEVICE_CODE:BOOL=OFF

//Whether to build HPX backend (experimental)
Kokkos_ENABLE_HPX:BOOL=OFF

//Whether to enable the HWLOC library
Kokkos_ENABLE_HWLOC:BOOL=Off

//Whether to enable CudaMallocAsync (requires CUDA Toolkit 11.2)
Kokkos_ENABLE_IMPL_CUDA_MALLOC_ASYNC:BOOL=OFF

//Whether to leverage unified memory architectures for CUDA
Kokkos_ENABLE_IMPL_CUDA_UNIFIED_MEMORY:BOOL=OFF

//Whether to enable hipMallocAsync
Kokkos_ENABLE_IMPL_HIP_MALLOC_ASYNC:BOOL=OFF

//Whether HPX supports asynchronous dispatch
Kokkos_ENABLE_IMPL_HPX_ASYNC_DISPATCH:BOOL=OFF

//Whether to enable experimental mdspan support
Kokkos_ENABLE_IMPL_MDSPAN:BOOL=ON

//Whether to allow nvc++ as Cuda device compiler
Kokkos_ENABLE_IMPL_NVHPC_AS_DEVICE_COMPILER:BOOL=OFF

//Whether to use the C++20 `[[unlikely]]` attribute in the view
// reference counting
Kokkos_ENABLE_IMPL_REF_COUNT_BRANCH_UNLIKELY:BOOL=ON

//BOOL
Kokkos_ENABLE_IMPL_SKIP_COMPILER_MDSPAN:BOOL=ON

//Whether to enable a workaround for invalid use of View of Views
// that causes program hang on destruction.
Kokkos_ENABLE_IMPL_VIEW_OF_VIEWS_DESTRUCTOR_PRECONDITION_VIOLATION_WORKAROUND:BOOL=OFF

//Whether to perform extra large memory tests
Kokkos_ENABLE_LARGE_MEM_TESTS:BOOL=OFF

//Whether to enable the LIBDL library
Kokkos_ENABLE_LIBDL:BOOL=OFF

//Whether to enable the LIBQUADMATH library
Kokkos_ENABLE_LIBQUADMATH:BOOL=OFF

//BOOL
Kokkos_ENABLE_MDSPAN_EXTERNAL:BOOL=OFF

//Whether to enable the ONEDPL library
Kokkos_ENABLE_ONEDPL:BOOL=OFF

//Whether to build the OpenACC backend
Kokkos_ENABLE_OPENACC:BOOL=OFF

//Whether to force to use host as a target device for OpenACC
Kokkos_ENABLE_OPENACC_FORCE_HOST_AS_DEVICE:BOOL=OFF

//Whether to build OpenMP backend
Kokkos_ENABLE_OPENMP:BOOL=OFF

//Whether to build the OpenMP target backend
Kokkos_ENABLE_OPENMPTARGET:BOOL=OFF

//Whether to enable the ROCM library
Kokkos_ENABLE_ROCM:BOOL=OFF

//Whether to enable the ROCTHRUST library
Kokkos_ENABLE_ROCTHRUST:BOOL=OFF

//Whether to build serial backend
Kokkos_ENABLE_SERIAL:BOOL=OFF

//Whether to build SYCL backend
Kokkos_ENABLE_SYCL:BOOL=OFF

//Whether to enable relocatable device code (RDC) for SYCL
Kokkos_ENABLE_SYCL_RELOCATABLE_DEVICE_CODE:BOOL=OFF

//Whether to build the unit tests
Kokkos_ENABLE_TESTS:BOOL=OFF

//Whether to build C++ threads backend
Kokkos_ENABLE_THREADS:BOOL=ON

//Whether to create bindings for tuning tools
Kokkos_ENABLE_TUNING:BOOL=OFF

//Whether to allow architectures in backends Kokkos doesn't optimize
// for
Kokkos_ENABLE_UNSUPPORTED_ARCHS:BOOL=OFF

//Location of HPX library
Kokkos_HPX_DIR:PATH=

//Location of HWLOC library
Kokkos_HWLOC_DIR:PATH=

//Set compiler flags for AMD GPUs
Kokkos_IMPL_AMDGPU_FLAGS:STRING=

//Set linker flags for AMD GPUs
Kokkos_IMPL_AMDGPU_LINK:STRING=

//Value Computed by CMake
Kokkos_IS_TOP_LEVEL:STATIC=OFF

//Location of LIBDL library
Kokkos_LIBDL_DIR:PATH=

//Location of LIBQUADMATH library
Kokkos_LIBQUADMATH_DIR:PATH=

//Location of ONEDPL library
Kokkos_ONEDPL_DIR:PATH=

//Location of ROCM library
Kokkos_ROCM_DIR:PATH=

//Location of ROCTHRUST library
Kokkos_ROCTHRUST_DIR:PATH=

//Value Computed by CMake
Kokkos_SOURCE_DIR:STATIC=/Users/anderhaf/repos/atomify/atomify-main/cpp/lammps/lib/kokkos

//Location of THREADS library
Kokkos_THREADS_DIR:PATH=

//Asynchronous IMD processing
LAMMPS_ASYNC_IMD:BOOL=OFF

//Base URL for LAMMPS downloads
LAMMPS_DOWNLOADS_URL:STRING=https://download.lammps.org

//Set runtime path for shared libraries linked to LAMMPS binaries
LAMMPS_INSTALL_RPATH:BOOL=OFF

//Suffix to append to lmp binary (WON'T enable any features automatically
LAMMPS_MACHINE:STRING=

//enables the use of the posix_memalign() call instead of malloc()
// when large chunks or memory are allocated by LAMMPS. Set to
// 0 to disable
LAMMPS_MEMALIGN:STRING=64

//LAMMPS integer sizes (smallbig: 64-bit #atoms #timesteps, bigbig:
// also 64-bit imageint, 64-bit atom ids)
LAMMPS_SIZES:STRING=smallbig

//Enable Just-In-Time compiler for Lepton
LEPTON_ENABLE_JIT:BOOL=OFF

//Command to build the project
MAKECOMMAND:STRING=/Applications/CMake.app/Contents/bin/cmake --build . --config "${CTEST_CONFIGURATION_TYPE}"

//Path to the memory checking command, used for memory error detection.
MEMORYCHECK_COMMAND:FILEPATH=MEMORYCHECK_COMMAND-NOTFOUND

//File that contains suppressions for the memory checker
MEMORYCHECK_SUPPRESSIONS_FILE:FILEPATH=

//Skip MPI C++ Bindings
MPI_CXX_SKIP_MPICXX:BOOL=TRUE

//CXX compiler flags for OpenMP parallelization
OpenMP_CXX_FLAGS:STRING=NOTFOUND

//CXX compiler libraries for OpenMP parallelization
OpenMP_CXX_LIB_NAMES:STRING=NOTFOUND

//C compiler flags for OpenMP parallelization
OpenMP_C_FLAGS:STRING=NOTFOUND

//C compiler libraries for OpenMP parallelization
OpenMP_C_LIB_NAMES:STRING=NOTFOUND

//Build ADIOS Package
PKG_ADIOS:BOOL=OFF

//Build AMOEBA Package
PKG_AMOEBA:BOOL=OFF

//Build APIP Package
PKG_APIP:BOOL=OFF

//Build ASPHERE Package
PKG_ASPHERE:BOOL=OFF

//Build ATC Package
PKG_ATC:BOOL=OFF

//Build AWPMD Package
PKG_AWPMD:BOOL=OFF

//Build BOCS Package
PKG_BOCS:BOOL=OFF

//Build BODY Package
PKG_BODY:BOOL=OFF

//Build BPM Package
PKG_BPM:BOOL=OFF

//Build BROWNIAN Package
PKG_BROWNIAN:BOOL=OFF

//Build CG-DNA Package
PKG_CG-DNA:BOOL=OFF

//Build CG-SPICA Package
PKG_CG-SPICA:BOOL=OFF

//Build CLASS2 Package
PKG_CLASS2:BOOL=ON

//Build COLLOID Package
PKG_COLLOID:BOOL=OFF

//Build COLVARS Package
PKG_COLVARS:BOOL=ON

//Build COMPRESS Package
PKG_COMPRESS:BOOL=OFF

//Arguments to supply to pkg-config
PKG_CONFIG_ARGN:STRING=

//pkg-config executable
PKG_CONFIG_EXECUTABLE:FILEPATH=/opt/homebrew/bin/pkg-config

//Build CORESHELL Package
PKG_CORESHELL:BOOL=OFF

//Build DIELECTRIC Package
PKG_DIELECTRIC:BOOL=OFF

//Build DIFFRACTION Package
PKG_DIFFRACTION:BOOL=OFF

//Build DIPOLE Package
PKG_DIPOLE:BOOL=OFF

//Build DPD-BASIC Package
PKG_DPD-BASIC:BOOL=OFF

//Build DPD-MESO Package
PKG_DPD-MESO:BOOL=OFF

//Build DPD-REACT Package
PKG_DPD-REACT:BOOL=OFF

//Build DPD-SMOOTH Package
PKG_DPD-SMOOTH:BOOL=OFF

//Build DRUDE Package
PKG_DRUDE:BOOL=OFF

//Build EFF Package
PKG_EFF:BOOL=OFF

//Build ELECTRODE Package
PKG_ELECTRODE:BOOL=OFF

//Build EXTRA-COMMAND Package
PKG_EXTRA-COMMAND:BOOL=OFF

//Build EXTRA-COMPUTE Package
PKG_EXTRA-COMPUTE:BOOL=OFF

//Build EXTRA-DUMP Package
PKG_EXTRA-DUMP:BOOL=OFF

//Build EXTRA-FIX Package
PKG_EXTRA-FIX:BOOL=OFF

//Build EXTRA-MOLECULE Package
PKG_EXTRA-MOLECULE:BOOL=ON

//Build EXTRA-PAIR Package
PKG_EXTRA-PAIR:BOOL=OFF

//Build FEP Package
PKG_FEP:BOOL=OFF

//Build GPU Package
PKG_GPU:BOOL=OFF

//Build GRANULAR Package
PKG_GRANULAR:BOOL=ON

//Build H5MD Package
PKG_H5MD:BOOL=OFF

//Build INTEL Package
PKG_INTEL:BOOL=OFF

//Build INTERLAYER Package
PKG_INTERLAYER:BOOL=OFF

//Build KIM Package
PKG_KIM:BOOL=OFF

//Build KOKKOS Package
PKG_KOKKOS:BOOL=ON

//Build KSPACE Package
PKG_KSPACE:BOOL=ON

//Build LATBOLTZ Package
PKG_LATBOLTZ:BOOL=OFF

//Build LEPTON Package
PKG_LEPTON:BOOL=OFF

//Build MACHDYN Package
PKG_MACHDYN:BOOL=OFF

//Build MANIFOLD Package
PKG_MANIFOLD:BOOL=OFF

//Build MANYBODY Package
PKG_MANYBODY:BOOL=ON

//Build MC Package
PKG_MC:BOOL=ON

//Build MDI Package
PKG_MDI:BOOL=OFF

//Build MEAM Package
PKG_MEAM:BOOL=OFF

//Build MESONT Package
PKG_MESONT:BOOL=OFF

//Build MGPT Package
PKG_MGPT:BOOL=OFF

//Build MISC Package
PKG_MISC:BOOL=ON

//Build ML-HDNNP Package
PKG_ML-HDNNP:BOOL=OFF

//Build ML-IAP Package
PKG_ML-IAP:BOOL=OFF

//Build ML-PACE Package
PKG_ML-PACE:BOOL=OFF

//Build ML-POD Package
PKG_ML-POD:BOOL=OFF

//Build ML-QUIP Package
PKG_ML-QUIP:BOOL=OFF

//Build ML-RANN Package
PKG_ML-RANN:BOOL=OFF

//Build ML-SNAP Package
PKG_ML-SNAP:BOOL=OFF

//Build ML-UF3 Package
PKG_ML-UF3:BOOL=OFF

//Build MOFFF Package
PKG_MOFFF:BOOL=OFF

//Build MOLECULE Package
PKG_MOLECULE:BOOL=ON

//Build MOLFILE Package
PKG_MOLFILE:BOOL=OFF

//Build NETCDF Package
PKG_NETCDF:BOOL=OFF

//Build OPENMP Package
PKG_OPENMP:BOOL=OFF

//Build OPT Package
PKG_OPT:BOOL=OFF

//Build ORIENT Package
PKG_ORIENT:BOOL=OFF

//Build PERI Package
PKG_PERI:BOOL=OFF

//Build PHONON Package
PKG_PHONON:BOOL=OFF

//Build PLUGIN Package
PKG_PLUGIN:BOOL=OFF

//Build PLUMED Package
PKG_PLUMED:BOOL=OFF

//Build POEMS Package
PKG_POEMS:BOOL=OFF

//Build PTM Package
PKG_PTM:BOOL=OFF

//Build PYTHON Package
PKG_PYTHON:BOOL=OFF

//Build QEQ Package
PKG_QEQ:BOOL=ON

//Build QMMM Package
PKG_QMMM:BOOL=OFF

//Build QTB Package
PKG_QTB:BOOL=OFF

//Build REACTION Package
PKG_REACTION:BOOL=OFF

//Build REAXFF Package
PKG_REAXFF:BOOL=ON

//Build REPLICA Package
PKG_REPLICA:BOOL=OFF

//Build RHEO Package
PKG_RHEO:BOOL=OFF

//Build RIGID Package
PKG_RIGID:BOOL=ON

//Build SCAFACOS Package
PKG_SCAFACOS:BOOL=OFF

//Build SHOCK Package
PKG_SHOCK:BOOL=ON

//Build SMTBQ Package
PKG_SMTBQ:BOOL=OFF

//Build SPH Package
PKG_SPH:BOOL=OFF

//Build SPIN Package
PKG_SPIN:BOOL=OFF

//Build SRD Package
PKG_SRD:BOOL=OFF

//Build TALLY Package
PKG_TALLY:BOOL=OFF

//Build UEF Package
PKG_UEF:BOOL=OFF

//Build VORONOI Package
PKG_VORONOI:BOOL=ON

//Build VTK Package
PKG_VTK:BOOL=OFF

//Build YAFF Package
PKG_YAFF:BOOL=OFF

//Name of the computer/site where compile is being run
SITE:STRING=Anderss-MacBook-Pro.local

//Standard Math library
STANDARD_MATH_LIB:FILEPATH=STANDARD_MATH_LIB-NOTFOUND

//Path to a file.
VORO_INCLUDE_DIR:PATH=VORO_INCLUDE_DIR-NOTFOUND

//Path to a library.
VORO_LIBRARY:FILEPATH=VORO_LIBRARY-NOTFOUND

//MD5 checksum for Voro++ tarball
VORO_MD5:STRING=2338b824c3b7b25590e18e8df5d68af9

//URL for Voro++ tarball
VORO_URL:STRING=https://download.lammps.org/thirdparty/voro++-0.4.6.tar.gz

//Enable FFMPEG support
WITH_FFMPEG:BOOL=ON

//Enable GZIP support
WITH_GZIP:BOOL=ON

//Enable JPEG support
WITH_JPEG:BOOL=OFF

//Enable PNG support
WITH_PNG:BOOL=OFF

//Build scripting language wrappers with SWIG
WITH_SWIG:BOOL=OFF

//Path to a file.
ZLIB_INCLUDE_DIR:PATH=ZLIB_INCLUDE_DIR-NOTFOUND

//Path to a library.
ZLIB_LIBRARY_DEBUG:FILEPATH=ZLIB_LIBRARY_DEBUG-NOTFOUND

//Path to a library.
ZLIB_LIBRARY_RELEASE:FILEPATH=ZLIB_LIBRARY_RELEASE-NOTFOUND

//Value Computed by CMake
lammps_BINARY_DIR:STATIC=/Users/anderhaf/repos/atomify/atomify-main/cpp/build_emscripten

//Value Computed by CMake
lammps_IS_TOP_LEVEL:STATIC=ON

//Value Computed by CMake
lammps_SOURCE_DIR:STATIC=/Users/anderhaf/repos/atomify/atomify-main/cpp/lammps/cmake


########################
# INTERNAL cache entries
########################

//ADVANCED property for variable: CMAKE_ADDR2LINE
CMAKE_ADDR2LINE-ADVANCED:INTERNAL=1
//This is the directory where this CMakeCache.txt was created
CMAKE_CACHEFILE_DIR:INTERNAL=/Users/anderhaf/repos/atomify/atomify-main/cpp/build_emscripten
//Major version of cmake used to create the current loaded cache
CMAKE_CACHE_MAJOR_VERSION:INTERNAL=3
//Minor version of cmake used to create the current loaded cache
CMAKE_CACHE_MINOR_VERSION:INTERNAL=31
//Patch version of cmake used to create the current loaded cache
CMAKE_CACHE_PATCH_VERSION:INTERNAL=6
//ADVANCED property for variable: CMAKE_COLOR_MAKEFILE
CMAKE_COLOR_MAKEFILE-ADVANCED:INTERNAL=1
//Path to CMake executable.
CMAKE_COMMAND:INTERNAL=/Applications/CMake.app/Contents/bin/cmake
//Path to cpack program executable.
CMAKE_CPACK_COMMAND:INTERNAL=/Applications/CMake.app/Contents/bin/cpack
//ADVANCED property for variable: CMAKE_CTEST_COMMAND
CMAKE_CTEST_COMMAND-ADVANCED:INTERNAL=1
//Path to ctest program executable.
CMAKE_CTEST_COMMAND:INTERNAL=/Applications/CMake.app/Contents/bin/ctest
//ADVANCED property for variable: CMAKE_CXX_FLAGS
CMAKE_CXX_FLAGS-ADVANCED:INTERNAL=1
//ADVANCED property for variable: CMAKE_CXX_FLAGS_DEBUG
CMAKE_CXX_FLAGS_DEBUG-ADVANCED:INTERNAL=1
//ADVANCED property for variable: CMAKE_CXX_FLAGS_MINSIZEREL
CMAKE_CXX_FLAGS_MINSIZEREL-ADVANCED:INTERNAL=1
//ADVANCED property for variable: CMAKE_CXX_FLAGS_RELEASE
CMAKE_CXX_FLAGS_RELEASE-ADVANCED:INTERNAL=1
//ADVANCED property for variable: CMAKE_CXX_FLAGS_RELWITHDEBINFO
CMAKE_CXX_FLAGS_RELWITHDEBINFO-ADVANCED:INTERNAL=1
//ADVANCED property for variable: CMAKE_C_COMPILER_CLANG_SCAN_DEPS
CMAKE_C_COMPILER_CLANG_SCAN_DEPS-ADVANCED:INTERNAL=1
//ADVANCED property for variable: CMAKE_C_FLAGS
CMAKE_C_FLAGS-ADVANCED:INTERNAL=1
//ADVANCED property for variable: CMAKE_C_FLAGS_DEBUG
CMAKE_C_FLAGS_DEBUG-ADVANCED:INTERNAL=1
//ADVANCED property for variable: CMAKE_C_FLAGS_MINSIZEREL
CMAKE_C_FLAGS_MINSIZEREL-ADVANCED:INTERNAL=1
//ADVANCED property for variable: CMAKE_C_FLAGS_RELEASE
CMAKE_C_FLAGS_RELEASE-ADVANCED:INTERNAL=1
//ADVANCED property for variable: CMAKE_C_FLAGS_RELWITHDEBINFO
CMAKE_C_FLAGS_RELWITHDEBINFO-ADVANCED:INTERNAL=1
//ADVANCED property for variable: CMAKE_DLLTOOL
CMAKE_DLLTOOL-ADVANCED:INTERNAL=1
//Path to cache edit program executable.
CMAKE_EDIT_COMMAND:INTERNAL=/Applications/CMake.app/Contents/bin/ccmake
//ADVANCED property for variable: CMAKE_EXE_LINKER_FLAGS
CMAKE_EXE_LINKER_FLAGS-ADVANCED:INTERNAL=1
//ADVANCED property for variable: CMAKE_EXE_LINKER_FLAGS_DEBUG
CMAKE_EXE_LINKER_FLAGS_DEBUG-ADVANCED:INTERNAL=1
//ADVANCED property for variable: CMAKE_EXE_LINKER_FLAGS_MINSIZEREL
CMAKE_EXE_LINKER_FLAGS_MINSIZEREL-ADVANCED:INTERNAL=1
//ADVANCED property for variable: CMAKE_EXE_LINKER_FLAGS_RELEASE
CMAKE_EXE_LINKER_FLAGS_RELEASE-ADVANCED:INTERNAL=1
//ADVANCED property for variable: CMAKE_EXE_LINKER_FLAGS_RELWITHDEBINFO
CMAKE_EXE_LINKER_FLAGS_RELWITHDEBINFO-ADVANCED:INTERNAL=1
//ADVANCED property for variable: CMAKE_EXPORT_COMPILE_COMMANDS
CMAKE_EXPORT_COMPILE_COMMANDS-ADVANCED:INTERNAL=1
//Name of external makefile project generator.
CMAKE_EXTRA_GENERATOR:INTERNAL=
//Name of generator.
CMAKE_GENERATOR:INTERNAL=Unix Makefiles
//Generator instance identifier.
CMAKE_GENERATOR_INSTANCE:INTERNAL=
//Name of generator platform.
CMAKE_GENERATOR_PLATFORM:INTERNAL=
//Name of generator toolset.
CMAKE_GENERATOR_TOOLSET:INTERNAL=
//Test CMAKE_HAVE_LIBC_PTHREAD
CMAKE_HAVE_LIBC_PTHREAD:INTERNAL=1
//Source directory with the top level CMakeLists.txt file for this
// project
CMAKE_HOME_DIRECTORY:INTERNAL=/Users/anderhaf/repos/atomify/atomify-main/cpp/lammps/cmake
//ADVANCED property for variable: CMAKE_INSTALL_BINDIR
CMAKE_INSTALL_BINDIR-ADVANCED:INTERNAL=1
//ADVANCED property for variable: CMAKE_INSTALL_DATADIR
CMAKE_INSTALL_DATADIR-ADVANCED:INTERNAL=1
//ADVANCED property for variable: CMAKE_INSTALL_DATAROOTDIR
CMAKE_INSTALL_DATAROOTDIR-ADVANCED:INTERNAL=1
//ADVANCED property for variable: CMAKE_INSTALL_DOCDIR
CMAKE_INSTALL_DOCDIR-ADVANCED:INTERNAL=1
//ADVANCED property for variable: CMAKE_INSTALL_INCLUDEDIR
CMAKE_INSTALL_INCLUDEDIR-ADVANCED:INTERNAL=1
//ADVANCED property for variable: CMAKE_INSTALL_INFODIR
CMAKE_INSTALL_INFODIR-ADVANCED:INTERNAL=1
//ADVANCED property for variable: CMAKE_INSTALL_LIBDIR
CMAKE_INSTALL_LIBDIR-ADVANCED:INTERNAL=1
//ADVANCED property for variable: CMAKE_INSTALL_LIBEXECDIR
CMAKE_INSTALL_LIBEXECDIR-ADVANCED:INTERNAL=1
//ADVANCED property for variable: CMAKE_INSTALL_LOCALEDIR
CMAKE_INSTALL_LOCALEDIR-ADVANCED:INTERNAL=1
//ADVANCED property for variable: CMAKE_INSTALL_LOCALSTATEDIR
CMAKE_INSTALL_LOCALSTATEDIR-ADVANCED:INTERNAL=1
//ADVANCED property for variable: CMAKE_INSTALL_MANDIR
CMAKE_INSTALL_MANDIR-ADVANCED:INTERNAL=1
//ADVANCED property for variable: CMAKE_INSTALL_OLDINCLUDEDIR
CMAKE_INSTALL_OLDINCLUDEDIR-ADVANCED:INTERNAL=1
//ADVANCED property for variable: CMAKE_INSTALL_RUNSTATEDIR
CMAKE_INSTALL_RUNSTATEDIR-ADVANCED:INTERNAL=1
//ADVANCED property for variable: CMAKE_INSTALL_SBINDIR
CMAKE_INSTALL_SBINDIR-ADVANCED:INTERNAL=1
//ADVANCED property for variable: CMAKE_INSTALL_SHAREDSTATEDIR
CMAKE_INSTALL_SHAREDSTATEDIR-ADVANCED:INTERNAL=1
//ADVANCED property for variable: CMAKE_INSTALL_SYSCONFDIR
CMAKE_INSTALL_SYSCONFDIR-ADVANCED:INTERNAL=1
//ADVANCED property for variable: CMAKE_LINKER
CMAKE_LINKER-ADVANCED:INTERNAL=1
//ADVANCED property for variable: CMAKE_MAKE_PROGRAM
CMAKE_MAKE_PROGRAM-ADVANCED:INTERNAL=1
//ADVANCED property for variable: CMAKE_MODULE_LINKER_FLAGS
CMAKE_MODULE_LINKER_FLAGS-ADVANCED:INTERNAL=1
//ADVANCED property for variable: CMAKE_MODULE_LINKER_FLAGS_DEBUG
CMAKE_MODULE_LINKER_FLAGS_DEBUG-ADVANCED:INTERNAL=1
//ADVANCED property for variable: CMAKE_MODULE_LINKER_FLAGS_MINSIZEREL
CMAKE_MODULE_LINKER_FLAGS_MINSIZEREL-ADVANCED:INTERNAL=1
//ADVANCED property for variable: CMAKE_MODULE_LINKER_FLAGS_RELEASE
CMAKE_MODULE_LINKER_FLAGS_RELEASE-ADVANCED:INTERNAL=1
//ADVANCED property for variable: CMAKE_MODULE_LINKER_FLAGS_RELWITHDEBINFO
CMAKE_MODULE_LINKER_FLAGS_RELWITHDEBINFO-ADVANCED:INTERNAL=1
//number of local generators
CMAKE_NUMBER_OF_MAKEFILES:INTERNAL=12
//ADVANCED property for variable: CMAKE_OBJCOPY
CMAKE_OBJCOPY-ADVANCED:INTERNAL=1
//ADVANCED property for variable: CMAKE_OBJDUMP
CMAKE_OBJDUMP-ADVANCED:INTERNAL=1
//Platform information initialized
CMAKE_PLATFORM_INFO_INITIALIZED:INTERNAL=1
//ADVANCED property for variable: CMAKE_READELF
CMAKE_READELF-ADVANCED:INTERNAL=1
//Path to CMake installation.
CMAKE_ROOT:INTERNAL=/Applications/CMake.app/Contents/share/cmake-3.31
//ADVANCED property for variable: CMAKE_SHARED_LINKER_FLAGS
CMAKE_SHARED_LINKER_FLAGS-ADVANCED:INTERNAL=1
//ADVANCED property for variable: CMAKE_SHARED_LINKER_FLAGS_DEBUG
CMAKE_SHARED_LINKER_FLAGS_DEBUG-ADVANCED:INTERNAL=1
//ADVANCED property for variable: CMAKE_SHARED_LINKER_FLAGS_MINSIZEREL
CMAKE_SHARED_LINKER_FLAGS_MINSIZEREL-ADVANCED:INTERNAL=1
//ADVANCED property for variable: CMAKE_SHARED_LINKER_FLAGS_RELEASE
CMAKE_SHARED_LINKER_FLAGS_RELEASE-ADVANCED:INTERNAL=1
//ADVANCED property for variable: CMAKE_SHARED_LINKER_FLAGS_RELWITHDEBINFO
CMAKE_SHARED_LINKER_FLAGS_RELWITHDEBINFO-ADVANCED:INTERNAL=1
//ADVANCED property for variable: CMAKE_SKIP_INSTALL_RPATH
CMAKE_SKIP_INSTALL_RPATH-ADVANCED:INTERNAL=1
//ADVANCED property for variable: CMAKE_SKIP_RPATH
CMAKE_SKIP_RPATH-ADVANCED:INTERNAL=1
//ADVANCED property for variable: CMAKE_STATIC_LINKER_FLAGS
CMAKE_STATIC_LINKER_FLAGS-ADVANCED:INTERNAL=1
//ADVANCED property for variable: CMAKE_STATIC_LINKER_FLAGS_DEBUG
CMAKE_STATIC_LINKER_FLAGS_DEBUG-ADVANCED:INTERNAL=1
//ADVANCED property for variable: CMAKE_STATIC_LINKER_FLAGS_MINSIZEREL
CMAKE_STATIC_LINKER_FLAGS_MINSIZEREL-ADVANCED:INTERNAL=1
//ADVANCED property for variable: CMAKE_STATIC_LINKER_FLAGS_RELEASE
CMAKE_STATIC_LINKER_FLAGS_RELEASE-ADVANCED:INTERNAL=1
//ADVANCED property for variable: CMAKE_STATIC_LINKER_FLAGS_RELWITHDEBINFO
CMAKE_STATIC_LINKER_FLAGS_RELWITHDEBINFO-ADVANCED:INTERNAL=1
//ADVANCED property for variable: CMAKE_STRIP
CMAKE_STRIP-ADVANCED:INTERNAL=1
//ADVANCED property for variable: CMAKE_TAPI
CMAKE_TAPI-ADVANCED:INTERNAL=1
//uname command
CMAKE_UNAME:INTERNAL=/usr/bin/uname
//ADVANCED property for variable: CMAKE_VERBOSE_MAKEFILE
CMAKE_VERBOSE_MAKEFILE-ADVANCED:INTERNAL=1
//ADVANCED property for variable: COVERAGE_COMMAND
COVERAGE_COMMAND-ADVANCED:INTERNAL=1
//ADVANCED property for variable: COVERAGE_EXTRA_FLAGS
COVERAGE_EXTRA_FLAGS-ADVANCED:INTERNAL=1
//ADVANCED property for variable: CTEST_SUBMIT_RETRY_COUNT
CTEST_SUBMIT_RETRY_COUNT-ADVANCED:INTERNAL=1
//ADVANCED property for variable: CTEST_SUBMIT_RETRY_DELAY
CTEST_SUBMIT_RETRY_DELAY-ADVANCED:INTERNAL=1
//ADVANCED property for variable: ClangFormat_EXECUTABLE
ClangFormat_EXECUTABLE-ADVANCED:INTERNAL=1
//ADVANCED property for variable: DART_TESTING_TIMEOUT
DART_TESTING_TIMEOUT-ADVANCED:INTERNAL=1
//ADVANCED property for variable: DOWNLOAD_POTENTIALS
DOWNLOAD_POTENTIALS-ADVANCED:INTERNAL=1
//If true, we are targeting Emscripten output.
EMSCRIPTEN:INTERNAL=1
//ADVANCED property for variable: ENABLE_IWYU
ENABLE_IWYU-ADVANCED:INTERNAL=1
//ADVANCED property for variable: ENABLE_SANITIZER
ENABLE_SANITIZER-ADVANCED:INTERNAL=1
//STRINGS property for variable: ENABLE_SANITIZER
ENABLE_SANITIZER-STRINGS:INTERNAL=none;address;hwaddress;leak;thread;undefined
//STRINGS property for variable: FFT
FFT-STRINGS:INTERNAL=KISS;FFTW3;MKL;NVPL
//ADVANCED property for variable: FFTW3_INCLUDE_DIR
FFTW3_INCLUDE_DIR-ADVANCED:INTERNAL=1
//ADVANCED property for variable: FFTW3_LIBRARY
FFTW3_LIBRARY-ADVANCED:INTERNAL=1
//ADVANCED property for variable: FFTW3_OMP_LIBRARY
FFTW3_OMP_LIBRARY-ADVANCED:INTERNAL=1
//STRINGS property for variable: FFT_KOKKOS
FFT_KOKKOS-STRINGS:INTERNAL=KISS;FFTW3;MKL;NVPL;HIPFFT;CUFFT;MKL_GPU
//STRINGS property for variable: FFT_PACK
FFT_PACK-STRINGS:INTERNAL=array;pointer;memcpy
//Details about finding FFMPEG
FIND_PACKAGE_MESSAGE_DETAILS_FFMPEG:INTERNAL=[/opt/homebrew/bin/ffmpeg][v()]
//Details about finding GZIP
FIND_PACKAGE_MESSAGE_DETAILS_GZIP:INTERNAL=[/usr/bin/gzip][v()]
//Details about finding Git
FIND_PACKAGE_MESSAGE_DETAILS_Git:INTERNAL=[/usr/bin/git][v2.50.1 (Apple Git-155)()]
//Details about finding PkgConfig
FIND_PACKAGE_MESSAGE_DETAILS_PkgConfig:INTERNAL=[/opt/homebrew/bin/pkg-config][v2.5.1()]
//Details about finding Python3
FIND_PACKAGE_MESSAGE_DETAILS_Python3:INTERNAL=[/opt/homebrew/Frameworks/Python.framework/Versions/3.14/bin/python3.14][cfound components: Interpreter ][v3.14.0()]
//Details about finding TPLTHREADS
FIND_PACKAGE_MESSAGE_DETAILS_TPLTHREADS:INTERNAL=[TRUE][v()]
//Details about finding Threads
FIND_PACKAGE_MESSAGE_DETAILS_Threads:INTERNAL=[TRUE][v()]
//Have include cmath
FOUND_CMATH:INTERNAL=1
//ADVANCED property for variable: GIT_EXECUTABLE
GIT_EXECUTABLE-ADVANCED:INTERNAL=1
//ADVANCED property for variable: JPEG_INCLUDE_DIR
JPEG_INCLUDE_DIR-ADVANCED:INTERNAL=1
//ADVANCED property for variable: JPEG_LIBRARY_DEBUG
JPEG_LIBRARY_DEBUG-ADVANCED:INTERNAL=1
//ADVANCED property for variable: JPEG_LIBRARY_RELEASE
JPEG_LIBRARY_RELEASE-ADVANCED:INTERNAL=1
KOKKOS_AMDGPU_OPTIONS:INTERNAL=
KOKKOS_CFG_DAG_ARCH:INTERNAL=On
KOKKOS_CFG_DAG_COMPILER_ID:INTERNAL=On
KOKKOS_CFG_DAG_CXX_STD:INTERNAL=On
KOKKOS_CFG_DAG_DEVICES:INTERNAL=On
KOKKOS_CFG_DAG_OPTIONS:INTERNAL=On
KOKKOS_CFG_DAG_TPLS:INTERNAL=On
//Have include experimental/mdspan
KOKKOS_COMPILER_SUPPORTS_EXPERIMENTAL_MDSPAN:INTERNAL=
//Have include mdspan
KOKKOS_COMPILER_SUPPORTS_MDSPAN:INTERNAL=1
KOKKOS_COMPILE_DEFINITIONS:INTERNAL=KOKKOS_DEPENDENCE
KOKKOS_COMPILE_OPTIONS:INTERNAL=
KOKKOS_CUDAFE_OPTIONS:INTERNAL=
KOKKOS_CUDA_OPTIONS:INTERNAL=-x;cuda
KOKKOS_CXX_STANDARD_FEATURE:INTERNAL=cxx_std_17
KOKKOS_LINK_OPTIONS:INTERNAL=-DKOKKOS_DEPENDENCE
KOKKOS_XCOMPILER_OPTIONS:INTERNAL=
//ADVANCED property for variable: Kokkos_ENABLE_IMPL_MDSPAN
Kokkos_ENABLE_IMPL_MDSPAN-ADVANCED:INTERNAL=1
//ADVANCED property for variable: Kokkos_ENABLE_IMPL_REF_COUNT_BRANCH_UNLIKELY
Kokkos_ENABLE_IMPL_REF_COUNT_BRANCH_UNLIKELY-ADVANCED:INTERNAL=1
//ADVANCED property for variable: Kokkos_ENABLE_IMPL_SKIP_COMPILER_MDSPAN
Kokkos_ENABLE_IMPL_SKIP_COMPILER_MDSPAN-ADVANCED:INTERNAL=1
//ADVANCED property for variable: Kokkos_ENABLE_IMPL_VIEW_OF_VIEWS_DESTRUCTOR_PRECONDITION_VIOLATION_WORKAROUND
Kokkos_ENABLE_IMPL_VIEW_OF_VIEWS_DESTRUCTOR_PRECONDITION_VIOLATION_WORKAROUND-ADVANCED:INTERNAL=1
//ADVANCED property for variable: Kokkos_ENABLE_MDSPAN_EXTERNAL
Kokkos_ENABLE_MDSPAN_EXTERNAL-ADVANCED:INTERNAL=1
//ADVANCED property for variable: Kokkos_IMPL_AMDGPU_FLAGS
Kokkos_IMPL_AMDGPU_FLAGS-ADVANCED:INTERNAL=1
//ADVANCED property for variable: Kokkos_IMPL_AMDGPU_LINK
Kokkos_IMPL_AMDGPU_LINK-ADVANCED:INTERNAL=1
//Whether to build tests and examples against installation
Kokkos_INSTALL_TESTING:INTERNAL=OFF
//ADVANCED property for variable: LAMMPS_ASYNC_IMD
LAMMPS_ASYNC_IMD-ADVANCED:INTERNAL=1
//ADVANCED property for variable: LAMMPS_DOWNLOADS_URL
LAMMPS_DOWNLOADS_URL-ADVANCED:INTERNAL=1
//ADVANCED property for variable: LAMMPS_MACHINE
LAMMPS_MACHINE-ADVANCED:INTERNAL=1
//STRINGS property for variable: LAMMPS_SIZES
LAMMPS_SIZES-STRINGS:INTERNAL=smallbig;bigbig
//ADVANCED property for variable: MAKECOMMAND
MAKECOMMAND-ADVANCED:INTERNAL=1
//ADVANCED property for variable: MEMORYCHECK_COMMAND
MEMORYCHECK_COMMAND-ADVANCED:INTERNAL=1
//ADVANCED property for variable: MEMORYCHECK_SUPPRESSIONS_FILE
MEMORYCHECK_SUPPRESSIONS_FILE-ADVANCED:INTERNAL=1
//Result of TRY_COMPILE
OpenMP_COMPILE_RESULT_CXX_Xclang fopenmp:INTERNAL=FALSE
//Result of TRY_COMPILE
OpenMP_COMPILE_RESULT_CXX_fopenmp:INTERNAL=FALSE
//Result of TRY_COMPILE
OpenMP_COMPILE_RESULT_CXX_fopenmplibiomp5:INTERNAL=FALSE
//Result of TRY_COMPILE
OpenMP_COMPILE_RESULT_CXX_fopenmplibomp:INTERNAL=FALSE
//Result of TRY_COMPILE
OpenMP_COMPILE_RESULT_C_Xclang fopenmp:INTERNAL=FALSE
//Result of TRY_COMPILE
OpenMP_COMPILE_RESULT_C_fopenmp:INTERNAL=FALSE
//Result of TRY_COMPILE
OpenMP_COMPILE_RESULT_C_fopenmplibiomp5:INTERNAL=FALSE
//Result of TRY_COMPILE
OpenMP_COMPILE_RESULT_C_fopenmplibomp:INTERNAL=FALSE
//ADVANCED property for variable: OpenMP_CXX_FLAGS
OpenMP_CXX_FLAGS-ADVANCED:INTERNAL=1
//ADVANCED property for variable: OpenMP_CXX_LIB_NAMES
OpenMP_CXX_LIB_NAMES-ADVANCED:INTERNAL=1
//ADVANCED property for variable: OpenMP_C_FLAGS
OpenMP_C_FLAGS-ADVANCED:INTERNAL=1
//ADVANCED property for variable: OpenMP_C_LIB_NAMES
OpenMP_C_LIB_NAMES-ADVANCED:INTERNAL=1
PC_FFTW3_CFLAGS:INTERNAL=
PC_FFTW3_CFLAGS_I:INTERNAL=
PC_FFTW3_CFLAGS_OTHER:INTERNAL=
PC_FFTW3_FOUND:INTERNAL=
PC_FFTW3_INCLUDEDIR:INTERNAL=
PC_FFTW3_LIBDIR:INTERNAL=
PC_FFTW3_LIBS:INTERNAL=
PC_FFTW3_LIBS_L:INTERNAL=
PC_FFTW3_LIBS_OTHER:INTERNAL=
PC_FFTW3_LIBS_PATHS:INTERNAL=
PC_FFTW3_MODULE_NAME:INTERNAL=
PC_FFTW3_PREFIX:INTERNAL=
PC_FFTW3_STATIC_CFLAGS:INTERNAL=
PC_FFTW3_STATIC_CFLAGS_I:INTERNAL=
PC_FFTW3_STATIC_CFLAGS_OTHER:INTERNAL=
PC_FFTW3_STATIC_LIBDIR:INTERNAL=
PC_FFTW3_STATIC_LIBS:INTERNAL=
PC_FFTW3_STATIC_LIBS_L:INTERNAL=
PC_FFTW3_STATIC_LIBS_OTHER:INTERNAL=
PC_FFTW3_STATIC_LIBS_PATHS:INTERNAL=
PC_FFTW3_VERSION:INTERNAL=
PC_FFTW3_fftw3_INCLUDEDIR:INTERNAL=
PC_FFTW3_fftw3_LIBDIR:INTERNAL=
PC_FFTW3_fftw3_PREFIX:INTERNAL=
PC_FFTW3_fftw3_VERSION:INTERNAL=
//ADVANCED property for variable: PKG_CONFIG_ARGN
PKG_CONFIG_ARGN-ADVANCED:INTERNAL=1
//ADVANCED property for variable: PKG_CONFIG_EXECUTABLE
PKG_CONFIG_EXECUTABLE-ADVANCED:INTERNAL=1
//ADVANCED property for variable: SITE
SITE-ADVANCED:INTERNAL=1
//ADVANCED property for variable: STANDARD_MATH_LIB
STANDARD_MATH_LIB-ADVANCED:INTERNAL=1
//ADVANCED property for variable: VORO_INCLUDE_DIR
VORO_INCLUDE_DIR-ADVANCED:INTERNAL=1
//ADVANCED property for variable: VORO_LIBRARY
VORO_LIBRARY-ADVANCED:INTERNAL=1
//ADVANCED property for variable: VORO_MD5
VORO_MD5-ADVANCED:INTERNAL=1
//ADVANCED property for variable: VORO_URL
VORO_URL-ADVANCED:INTERNAL=1
//ADVANCED property for variable: ZLIB_INCLUDE_DIR
ZLIB_INCLUDE_DIR-ADVANCED:INTERNAL=1
//ADVANCED property for variable: ZLIB_LIBRARY_DEBUG
ZLIB_LIBRARY_DEBUG-ADVANCED:INTERNAL=1
//ADVANCED property for variable: ZLIB_LIBRARY_RELEASE
ZLIB_LIBRARY_RELEASE-ADVANCED:INTERNAL=1
//CMAKE_INSTALL_PREFIX during last run
_GNUInstallDirs_LAST_CMAKE_INSTALL_PREFIX:INTERNAL=/Users/anderhaf/.local
//Compiler reason failure
_Python3_Compiler_REASON_FAILURE:INTERNAL=
//Development reason failure
_Python3_Development_REASON_FAILURE:INTERNAL=
_Python3_EXECUTABLE:INTERNAL=/opt/homebrew/Frameworks/Python.framework/Versions/3.14/bin/python3.14
//Python3 Properties
_Python3_INTERPRETER_PROPERTIES:INTERNAL=Python;3;14;0;32;64;;;abi3;/opt/homebrew/opt/python@3.14/Frameworks/Python.framework/Versions/3.14/lib/python3.14;/opt/homebrew/opt/python@3.14/Frameworks/Python.framework/Versions/3.14/lib/python3.14;/opt/homebrew/lib/python3.14/site-packages;/opt/homebrew/lib/python3.14/site-packages
_Python3_INTERPRETER_SIGNATURE:INTERNAL=ff51e67373f329cbcbee6a4ac96f4784
//NumPy reason failure
_Python3_NumPy_REASON_FAILURE:INTERNAL=
//Compiler reason failure
_Python_Compiler_REASON_FAILURE:INTERNAL=
//Development reason failure
_Python_Development_REASON_FAILURE:INTERNAL=
//Path to a program.
_Python_EXECUTABLE:INTERNAL=/opt/homebrew/Frameworks/Python.framework/Versions/3.14/bin/python3.14
//Python Properties
_Python_INTERPRETER_PROPERTIES:INTERNAL=Python;3;14;0;32;64;;;abi3;/opt/homebrew/opt/python@3.14/Frameworks/Python.framework/Versions/3.14/lib/python3.14;/opt/homebrew/opt/python@3.14/Frameworks/Python.framework/Versions/3.14/lib/python3.14;/opt/homebrew/lib/python3.14/site-packages;/opt/homebrew/lib/python3.14/site-packages
_Python_INTERPRETER_SIGNATURE:INTERNAL=ff51e67373f329cbcbee6a4ac96f4784
//NumPy reason failure
_Python_NumPy_REASON_FAILURE:INTERNAL=
__pkg_config_checked_PC_FFTW3:INTERNAL=1

